11:33:43.683 [main] INFO  testCases.TC_001_CourseraPage - --------Under Languages English is Selected---------
11:33:48.867 [main] INFO  testCases.TC_001_CourseraPage - --------Ending TC_002_Courses---------
15:41:00.377 [main] INFO  testBase.BaseClass - --------Starting TC_001_CourseraPage---------
15:41:19.328 [main] INFO  testBase.BaseClass - --------Starting Coursera Website---------
15:41:19.337 [main] INFO  testBase.BaseClass - --------Ending TC_001_CourseraPage---------
15:41:19.986 [main] INFO  testBase.BaseClass - --------Starting TC_002_Courses---------
15:41:20.956 [main] INFO  testBase.BaseClass - --------Search icon is displayed---------
15:41:25.397 [main] INFO  testBase.BaseClass - --------Searching Web Development Courses---------
15:41:57.032 [main] INFO  testBase.BaseClass - --------Languages: English is Selected---------
15:42:01.106 [main] INFO  testBase.BaseClass - --------Ending TC_002_Courses---------
15:42:01.799 [main] INFO  testBase.BaseClass - --------Starting TC_003_WebDevelopment Courses---------
15:42:01.799 [main] INFO  testBase.BaseClass - --------Web Development Course Successfully Searched--------
15:42:02.378 [main] INFO  testBase.BaseClass - --------Getting first two Courses--------
15:42:06.128 [main] INFO  testBase.BaseClass - --------Ending TC_003_WebDevelopment Courses---------
15:42:06.641 [main] INFO  testBase.BaseClass - --------Starting TC_004_Language Learning---------
15:42:06.655 [main] INFO  testBase.BaseClass - --------Language Learning successfully searched---------
15:42:11.281 [main] INFO  testBase.BaseClass - --------Extracting five langauges with the available levels---------
15:48:12.878 [main] INFO  testBase.BaseClass - --------Ending TC_004_Language Learning---------
15:48:13.606 [main] INFO  testBase.BaseClass - --------Starting TC_005_FormDetails---------
15:49:40.012 [main] INFO  testBase.BaseClass - --------Filling up the form---------
15:51:18.805 [main] INFO  testBase.BaseClass - --------Starting TC_001_CourseraPage---------
15:51:20.328 [main] INFO  testBase.BaseClass - --------Starting Coursera Website---------
15:51:20.337 [main] INFO  testBase.BaseClass - --------Ending TC_001_CourseraPage---------
15:51:20.684 [main] INFO  testBase.BaseClass - --------Starting TC_002_Courses---------
15:51:20.788 [main] INFO  testBase.BaseClass - --------Search icon is displayed---------
15:51:23.076 [main] INFO  testBase.BaseClass - --------Searching Web Development Courses---------
15:52:19.306 [main] INFO  testBase.BaseClass - --------Languages: English is Selected---------
15:52:22.000 [main] INFO  testBase.BaseClass - --------Ending TC_002_Courses---------
15:52:22.266 [main] INFO  testBase.BaseClass - --------Starting TC_003_WebDevelopment Courses---------
15:52:22.267 [main] INFO  testBase.BaseClass - --------Web Development Course Successfully Searched--------
15:52:23.228 [main] INFO  testBase.BaseClass - --------Getting first two Courses--------
15:52:25.468 [main] INFO  testBase.BaseClass - --------Ending TC_003_WebDevelopment Courses---------
15:52:25.802 [main] INFO  testBase.BaseClass - --------Starting TC_004_Language Learning---------
15:52:25.808 [main] INFO  testBase.BaseClass - --------Language Learning successfully searched---------
15:52:29.992 [main] INFO  testBase.BaseClass - --------Extracting five langauges with the available levels---------
15:58:24.560 [main] INFO  testBase.BaseClass - --------Ending TC_004_Language Learning---------
15:58:25.176 [main] INFO  testBase.BaseClass - --------Starting TC_005_FormDetails---------
15:59:41.427 [main] INFO  testBase.BaseClass - --------Filling up the form---------
16:02:32.411 [main] INFO  testBase.BaseClass - --------Starting TC_005_FormDetails---------
16:03:49.555 [main] INFO  testBase.BaseClass - --------Starting TC_001_CourseraPage---------
16:03:51.395 [main] INFO  testBase.BaseClass - --------Starting Coursera Website---------
16:03:51.403 [main] INFO  testBase.BaseClass - --------Ending TC_001_CourseraPage---------
16:03:51.744 [main] INFO  testBase.BaseClass - --------Starting TC_002_Courses---------
16:03:51.860 [main] INFO  testBase.BaseClass - --------Search icon is displayed---------
16:03:54.453 [main] INFO  testBase.BaseClass - --------Searching Web Development Courses---------
16:04:08.759 [main] INFO  testBase.BaseClass - --------Languages: English is Selected---------
16:04:10.523 [main] INFO  testBase.BaseClass - --------Ending TC_002_Courses---------
16:04:11.200 [main] INFO  testBase.BaseClass - --------Starting TC_003_WebDevelopment Courses---------
16:04:11.200 [main] INFO  testBase.BaseClass - --------Web Development Course Successfully Searched--------
16:04:11.749 [main] INFO  testBase.BaseClass - --------Getting first two Courses--------
16:04:14.860 [main] INFO  testBase.BaseClass - --------Ending TC_003_WebDevelopment Courses---------
16:04:15.813 [main] INFO  testBase.BaseClass - --------Starting TC_004_Language Learning---------
